2025-08-03 22:48:44,001 - config - INFO - 配置文件加载成功
2025-08-03 22:48:44,960 - database - INFO - 数据库初始化成功
2025-08-03 22:48:44,962 - root - INFO - 系统初始化完成
2025-08-03 23:18:11,394 - root - INFO - 数据库连接正常
2025-08-03 23:18:11,396 - root - ERROR - GitHub连接失败
2025-08-03 23:21:34,399 - root - INFO - Token测试成功: test
2025-08-03 23:21:42,187 - user_manager - ERROR - 用户添加失败: test
2025-08-03 23:21:42,189 - root - ERROR - 用户添加失败
2025-08-03 23:22:55,191 - workflow_manager - ERROR - GitHub连接失败
2025-08-03 23:22:55,192 - root - ERROR - 工作流触发失败: lwj2048/LibreTV/sync.yml
2025-08-03 23:23:33,377 - workflow_manager - ERROR - GitHub连接失败
2025-08-03 23:23:33,378 - root - ERROR - 工作流触发失败: lwj2048/LibreTV/sync.yml
2025-08-03 23:23:46,607 - root - INFO - 获取到 0 个工作流
2025-08-03 23:23:56,490 - workflow_manager - ERROR - 数据库管理器未设置
2025-08-03 23:23:56,491 - root - ERROR - 工作流配置保存失败
2025-08-03 23:28:44,963 - config - INFO - 配置文件加载成功
2025-08-03 23:28:45,491 - database - INFO - 数据库初始化成功
2025-08-03 23:28:45,494 - root - INFO - 系统初始化完成
2025-08-03 23:30:08,997 - root - INFO - Token测试成功: test
2025-08-03 23:30:20,387 - workflow_manager - ERROR - GitHub连接失败
2025-08-03 23:30:20,388 - root - ERROR - 工作流触发失败: lwj2048/LibreTV/sync.yml
2025-08-03 23:34:57,661 - workflow_manager - ERROR - GitHub连接失败
2025-08-03 23:34:57,661 - root - ERROR - 工作流触发失败: lwj2048/LibreTV/sync.yml
2025-08-03 23:35:07,217 - config - INFO - 配置文件加载成功
2025-08-03 23:35:07,585 - database - INFO - 数据库初始化成功
2025-08-03 23:35:07,587 - root - INFO - 系统初始化完成
2025-08-03 23:35:33,734 - workflow_manager - ERROR - GitHub连接失败
2025-08-03 23:35:33,734 - root - ERROR - 工作流触发失败: lwj2048/LibreTV/178853096
2025-08-03 23:35:59,328 - user_manager - INFO - 用户删除成功: 1
2025-08-03 23:35:59,328 - root - INFO - 用户删除成功: 1
2025-08-03 23:36:11,106 - user_manager - ERROR - 用户添加失败: test
2025-08-03 23:36:11,107 - root - ERROR - 用户添加失败
2025-08-03 23:36:25,777 - workflow_manager - INFO - 工作流触发成功: lwj2048/LibreTV/178853096
2025-08-03 23:36:25,777 - root - INFO - 工作流触发成功: lwj2048/LibreTV/178853096
2025-08-03 23:36:42,311 - root - INFO - Token测试成功: test
2025-08-03 23:37:03,532 - root - INFO - 获取到 3 个工作流
2025-08-03 23:37:19,921 - workflow_manager - ERROR - 工作流配置保存失败
2025-08-03 23:37:19,922 - root - ERROR - 工作流配置保存失败
2025-08-03 23:37:27,384 - config - INFO - 配置文件加载成功
2025-08-03 23:37:27,726 - database - INFO - 数据库初始化成功
2025-08-03 23:37:27,730 - root - INFO - 系统初始化完成
2025-08-03 23:41:10,401 - root - INFO - 数据库连接正常
2025-08-03 23:41:11,009 - root - INFO - GitHub连接正常
2025-08-03 23:41:21,889 - workflow_manager - ERROR - GitHub连接失败
2025-08-03 23:41:21,890 - root - ERROR - 保存的工作流触发失败: lwj2048/LibreTV/178853096
2025-08-03 23:41:43,723 - workflow_manager - INFO - 工作流配置删除成功: 1
2025-08-03 23:41:43,723 - root - INFO - 工作流配置删除成功: 1
2025-08-03 23:57:53,201 - config - INFO - 配置文件加载成功
2025-08-03 23:57:53,756 - database - INFO - 数据库初始化成功
2025-08-03 23:57:54,366 - root - INFO - 系统初始化完成
2025-08-03 23:59:02,863 - workflow_manager - ERROR - 工作流配置保存失败
2025-08-03 23:59:02,863 - root - ERROR - 工作流配置保存失败
2025-08-03 23:59:14,155 - config - INFO - 配置文件加载成功
2025-08-03 23:59:14,473 - database - INFO - 数据库初始化成功
2025-08-03 23:59:15,086 - root - INFO - 系统初始化完成
2025-08-03 23:59:21,240 - workflow_manager - INFO - 工作流触发成功: lwj2048/LibreTV/sync.yml
2025-08-03 23:59:21,247 - root - INFO - 保存的工作流触发成功: 同步仓库
2025-08-04 00:00:02,730 - root - INFO - 数据库连接正常
2025-08-04 00:00:03,326 - root - INFO - GitHub连接正常
2025-08-04 00:00:16,726 - root - ERROR - Token测试失败: test2
2025-08-04 00:00:59,387 - root - INFO - Token测试成功: test2
2025-08-04 00:02:14,063 - workflow_manager - ERROR - 工作流配置保存失败
2025-08-04 00:02:14,065 - root - ERROR - 工作流配置保存失败
2025-08-04 00:02:28,404 - config - INFO - 配置文件加载成功
2025-08-04 00:02:29,008 - database - INFO - 数据库初始化成功
2025-08-04 00:02:29,614 - root - INFO - 系统初始化完成
2025-08-04 00:02:59,692 - workflow_manager - INFO - 工作流触发成功: lwj2048/scripts/ssh-action-ubuntu.yml
2025-08-04 00:02:59,702 - root - INFO - 保存的工作流触发成功: ssh-action-ubuntu.yml
2025-08-04 00:03:22,946 - root - INFO - 已加载工作流配置: ssh-action-ubuntu.yml
2025-08-04 00:03:41,534 - root - INFO - 已加载工作流配置: 同步仓库
2025-08-04 00:04:29,083 - user_manager - ERROR - 用户添加失败: 123
2025-08-04 00:04:29,084 - root - ERROR - 用户添加失败
2025-08-04 00:04:33,207 - root - INFO - Token测试成功: 123
2025-08-04 00:05:38,240 - config - INFO - 配置文件加载成功
2025-08-04 00:05:38,577 - database - INFO - 数据库初始化成功
2025-08-04 00:05:39,766 - root - INFO - 系统初始化完成
2025-08-04 00:05:51,015 - workflow_manager - INFO - 工作流触发成功: lwj2048/LibreTV/sync.yml
2025-08-04 00:05:51,024 - root - INFO - 保存的工作流触发成功: 同步仓库
2025-08-04 00:18:35,309 - config - INFO - 配置文件加载成功
2025-08-04 00:18:36,053 - database_fixed - INFO - 升级数据库：添加user_id列到workflow_configs表
2025-08-04 00:18:36,064 - database_fixed - INFO - 数据库升级完成
2025-08-04 00:18:36,071 - database_fixed - INFO - 数据库初始化成功
2025-08-04 00:18:37,312 - root - INFO - 系统初始化完成
2025-08-04 00:18:57,284 - root - INFO - 已加载工作流配置: ssh-action-ubuntu.yml
2025-08-04 00:19:40,325 - database_fixed - INFO - 工作流配置插入成功: mac (ID: 4)
2025-08-04 00:19:40,326 - workflow_manager - INFO - 工作流配置保存成功: mac (ID: 4)
2025-08-04 00:19:40,326 - root - INFO - 工作流配置保存成功: mac
2025-08-04 00:19:53,689 - user_manager - ERROR - 无效的GitHub Token: test2
2025-08-04 00:19:53,689 - root - ERROR - 用户添加失败
2025-08-04 00:20:06,592 - database_fixed - INFO - 用户插入成功: test2 (ID: 4)
2025-08-04 00:20:06,592 - user_manager - INFO - 用户添加成功: test2 (ID: 4)
2025-08-04 00:20:06,593 - root - INFO - 用户添加成功: test2 (ID: 4)
2025-08-04 00:20:36,621 - root - INFO - 已加载工作流配置: ssh-action-ubuntu.yml
2025-08-04 00:20:51,429 - database_fixed - INFO - 工作流配置插入成功: ubuntu (ID: 5)
2025-08-04 00:20:51,429 - workflow_manager - INFO - 工作流配置保存成功: ubuntu (ID: 5)
2025-08-04 00:20:51,430 - root - INFO - 工作流配置保存成功: ubuntu
2025-08-04 00:21:29,375 - github_manager - ERROR - 触发工作流失败: 422 - {"message":"Unexpected inputs provided: [\"k8\"]","documentation_url":"https://docs.github.com/rest/actions/workflows#create-a-workflow-dispatch-event","status":"422"}
2025-08-04 00:21:29,376 - workflow_manager - ERROR - 工作流触发失败: lwj2048/scripts/ssh-action-ubuntu.yml
2025-08-04 00:21:29,377 - root - ERROR - 工作流触发失败: lwj2048/scripts/ssh-action-ubuntu.yml
2025-08-04 00:21:52,407 - workflow_manager - INFO - 工作流触发成功: lwj2048/scripts/ssh-action-ubuntu.yml
2025-08-04 00:21:52,414 - database_fixed - INFO - 工作流运行记录插入成功: triggered_20250804_002152 (ID: 4)
2025-08-04 00:21:52,415 - root - INFO - 工作流触发成功: lwj2048/scripts/ssh-action-ubuntu.yml
2025-08-04 00:34:54,466 - config - INFO - 配置文件加载成功
2025-08-04 00:34:55,146 - database - INFO - 数据库初始化成功
2025-08-04 00:34:56,949 - root - INFO - 系统初始化完成
2025-08-04 00:35:17,522 - root - INFO - 日志已清空
2025-08-04 00:35:59,758 - user_manager - INFO - 用户删除成功: 2
2025-08-04 00:35:59,759 - root - INFO - 用户删除成功: 2
2025-08-04 00:36:09,551 - user_manager - INFO - 用户删除成功: 3
2025-08-04 00:36:09,552 - root - INFO - 用户删除成功: 3
2025-08-04 00:36:22,109 - user_manager - INFO - 用户删除成功: 4
2025-08-04 00:36:22,111 - root - INFO - 用户删除成功: 4
2025-08-04 00:36:59,213 - workflow_manager - INFO - 工作流配置删除成功: 5
2025-08-04 00:36:59,222 - root - INFO - 工作流配置删除成功: 5
2025-08-04 00:37:02,590 - workflow_manager - INFO - 工作流配置删除成功: 4
2025-08-04 00:37:02,592 - root - INFO - 工作流配置删除成功: 4
2025-08-04 00:37:12,788 - root - INFO - 数据库连接正常
2025-08-04 00:37:12,792 - root - ERROR - GitHub连接失败: 未找到Token
2025-08-04 00:37:19,381 - workflow_manager - INFO - 工作流配置删除成功: 3
2025-08-04 00:37:19,383 - root - INFO - 工作流配置删除成功: 3
2025-08-04 00:37:23,311 - workflow_manager - INFO - 工作流配置删除成功: 2
2025-08-04 00:37:23,312 - root - INFO - 工作流配置删除成功: 2
